<?xml version="1.0" encoding="UTF-8"?>
<!-- Generated by org.testng.reporters.JUnitReportReporter -->
<testsuite hostname="IT-17-7-24" name="com.company.AutomationTest.testSuites.businessA.baiduSearch" tests="1" failures="0" timestamp="11 Apr 2018 02:43:49 GMT" time="11.076" errors="0">
  <testcase name="test_baidu" time="11.076" classname="com.company.AutomationTest.testSuites.businessA.baiduSearch"/>
</testsuite> <!-- com.company.AutomationTest.testSuites.businessA.baiduSearch -->
